<?xml version="1.0" encoding="UTF-8"?>
<!-- Generated by org.testng.reporters.JUnitXMLReporter -->
<testsuite hostname="DESKTOP-RECRE08" ignored="0" name="Test" tests="4" failures="4" timestamp="02 Mar 2018 10:11:36 GMT" time="47.419" errors="0">
  <testcase name="TS01_Register" time="7.581" classname="POM_Code.NewTours_Driver">
    <failure type="java.lang.NoClassDefFoundError" message="org/junit/Assert">
      <![CDATA[java.lang.NoClassDefFoundError: org/junit/Assert
at POM_Code.NewTours_Driver.TS01_Register(NewTours_Driver.java:30)
Caused by: java.lang.ClassNotFoundException: org.junit.Assert
at java.net.URLClassLoader.findClass(Unknown Source)
at java.lang.ClassLoader.loadClass(Unknown Source)
at sun.misc.Launcher$AppClassLoader.loadClass(Unknown Source)
at java.lang.ClassLoader.loadClass(Unknown Source)
... 25 more
... Removed 24 stack frames]]>
    </failure>
  </testcase> <!-- TS01_Register -->
  <testcase name="TS02_LoginHome" time="15.86" classname="POM_Code.NewTours_Driver">
    <failure type="java.lang.NoClassDefFoundError" message="org/junit/Assert">
      <![CDATA[java.lang.NoClassDefFoundError: org/junit/Assert
at POM_Code.NewTours_Driver.TS02_LoginHome(NewTours_Driver.java:35)
... Removed 24 stack frames]]>
    </failure>
  </testcase> <!-- TS02_LoginHome -->
  <testcase name="TS03_UserLogin" time="6.463" classname="POM_Code.NewTours_Driver">
    <failure type="java.lang.NoClassDefFoundError" message="org/junit/Assert">
      <![CDATA[java.lang.NoClassDefFoundError: org/junit/Assert
at POM_Code.NewTours_Driver.TS03_UserLogin(NewTours_Driver.java:40)
... Removed 24 stack frames]]>
    </failure>
  </testcase> <!-- TS03_UserLogin -->
  <testcase name="TS04_BookFlight" time="11.853" classname="POM_Code.NewTours_Driver">
    <failure type="java.lang.NoClassDefFoundError" message="org/junit/Assert">
      <![CDATA[java.lang.NoClassDefFoundError: org/junit/Assert
at POM_Code.NewTours_Driver.TS04_BookFlight(NewTours_Driver.java:44)
... Removed 24 stack frames]]>
    </failure>
  </testcase> <!-- TS04_BookFlight -->
</testsuite> <!-- Test -->
